<?xml version="1.0" encoding="UTF-8"?>
<testsuite hostname="aexl-PC" name="test.service-provider" target="file:/C:/Users/akrebs/git/osgi-stack/service-provider/target/service-provider.jar" timestamp="2020-07-06T13:49:50.504" framework="org.apache.felix.framework [0]" framework-version="5.6.12" tests="0" failures="0" errors="1" time="0.14">
  <properties>
[...]
</properties>
  <error type="java.lang.Exception" message="Cannot load class de.akrebs.stackio.provider.test.ExampleTest, was it included in the test bundle?"><![CDATA[java.lang.Exception: Cannot load class de.akrebs.stackio.provider.test.ExampleTest, was it included in the test bundle?
 at aQute.junit.Activator.addTest(Activator.java:466)
 at aQute.junit.Activator.lambda$createSuite$0(Activator.java:441)
 at java.util.stream.ForEachOps$ForEachOp$OfRef.accept(ForEachOps.java:184)
 at java.util.stream.ReferencePipeline$2$1.accept(ReferencePipeline.java:175)
 at java.util.Iterator.forEachRemaining(Iterator.java:116)
 at java.util.Spliterators$IteratorSpliterator.forEachRemaining(Spliterators.java:1801)
 at java.util.stream.AbstractPipeline.copyInto(AbstractPipeline.java:482)
 at java.util.stream.AbstractPipeline.wrapAndCopyInto(AbstractPipeline.java:472)
 at java.util.stream.ForEachOps$ForEachOp.evaluateSequential(ForEachOps.java:151)
 at java.util.stream.ForEachOps$ForEachOp$OfRef.evaluateSequential(ForEachOps.java:174)
 at java.util.stream.AbstractPipeline.evaluate(AbstractPipeline.java:234)
 at java.util.stream.ReferencePipeline.forEachOrdered(ReferencePipeline.java:423)
 at aQute.junit.Activator.createSuite(Activator.java:441)
 at aQute.junit.Activator.test(Activator.java:346)
 at aQute.junit.Activator.automatic(Activator.java:266)
 at aQute.junit.Activator.run(Activator.java:187)
 at java.util.concurrent.Executors$RunnableAdapter.call(Executors.java:511)
 at aQute.launcher.Launcher.launch(Launcher.java:450)
 at aQute.launcher.Launcher.run(Launcher.java:179)
 at aQute.launcher.Launcher.main(Launcher.java:155)
 at aQute.launcher.pre.EmbeddedLauncher.executeWithRunPath(EmbeddedLauncher.java:170)
 at aQute.launcher.pre.EmbeddedLauncher.findAndExecute(EmbeddedLauncher.java:135)
 at aQute.launcher.pre.EmbeddedLauncher.main(EmbeddedLauncher.java:52)
]]>
  </error>
</testsuite>